2021-06-04 04:41:26,972 - __main__ - INFO - Log directory: save/PROTEINS_full/cv0
2021-06-04 04:41:27,892 - __main__ - INFO - in dim: 3
2021-06-04 04:41:32,459 - __main__ - INFO - Log directory: save/PROTEINS_full/cv0
2021-06-04 04:41:33,370 - __main__ - INFO - in dim: 3
2021-06-04 04:41:55,024 - __main__ - INFO - kergnn(
  (dropout): Dropout(p=0.4, inplace=False)
  (ker_layers): ModuleList(
    (0): DRW_layer(
      (dropout): Dropout(p=0.4, inplace=False)
      (relu): ReLU()
      (sigmoid): Sigmoid()
      (kerlin_weights): Linear(in_features=40, out_features=1, bias=True)
    )
    (1): DRW_layer(
      (dropout): Dropout(p=0.4, inplace=False)
      (relu): ReLU()
      (sigmoid): Sigmoid()
      (kerlin_weights): Linear(in_features=40, out_features=1, bias=True)
    )
  )
  (batch_norms): ModuleList(
    (0): BatchNorm1d(16, eps=1e-05, momentum=0.1, affine=True, track_running_stats=True)
    (1): BatchNorm1d(32, eps=1e-05, momentum=0.1, affine=True, track_running_stats=True)
  )
  (linears_prediction): ModuleList(
    (0): MLP(
      (linear): Linear(in_features=3, out_features=2, bias=True)
    )
    (1): MLP(
      (linear): Linear(in_features=16, out_features=2, bias=True)
    )
    (2): MLP(
      (linear): Linear(in_features=32, out_features=2, bias=True)
    )
  )
)
2021-06-04 04:41:55,484 - __main__ - INFO - epoch:001 train_loss=9.89431 train_acc=0.55889 val_acc=0.40594 time=0.45331 test_acc=0.40179 
2021-06-04 04:41:55,598 - __main__ - INFO - epoch:002 train_loss=5.38184 train_acc=0.55667 val_acc=0.65347 time=0.11040 
2021-06-04 04:41:55,712 - __main__ - INFO - epoch:003 train_loss=3.54735 train_acc=0.61889 val_acc=0.61386 time=0.10974 
2021-06-04 04:41:55,815 - __main__ - INFO - epoch:004 train_loss=3.56520 train_acc=0.58000 val_acc=0.65347 time=0.10346 
2021-06-04 04:41:55,921 - __main__ - INFO - epoch:005 train_loss=3.15355 train_acc=0.61778 val_acc=0.61386 time=0.10196 
2021-06-04 04:41:56,028 - __main__ - INFO - epoch:006 train_loss=2.38959 train_acc=0.62889 val_acc=0.51485 time=0.10189 test_acc=0.56250 
2021-06-04 04:41:56,129 - __main__ - INFO - epoch:007 train_loss=2.61884 train_acc=0.60111 val_acc=0.66337 time=0.10138 
2021-06-04 04:41:56,235 - __main__ - INFO - epoch:008 train_loss=2.39067 train_acc=0.62333 val_acc=0.65347 time=0.10243 
2021-06-04 04:41:56,337 - __main__ - INFO - epoch:009 train_loss=2.06246 train_acc=0.61556 val_acc=0.65347 time=0.10119 
2021-06-04 04:41:56,439 - __main__ - INFO - epoch:010 train_loss=1.61547 train_acc=0.61000 val_acc=0.73267 time=0.10128 
2021-06-04 04:41:56,549 - __main__ - INFO - epoch:011 train_loss=1.33283 train_acc=0.63778 val_acc=0.71287 time=0.10147 test_acc=0.76786 
2021-06-04 04:41:56,651 - __main__ - INFO - epoch:012 train_loss=1.09066 train_acc=0.67444 val_acc=0.67327 time=0.10143 
2021-06-04 04:41:56,753 - __main__ - INFO - epoch:013 train_loss=1.19082 train_acc=0.62111 val_acc=0.67327 time=0.10145 
2021-06-04 04:41:56,854 - __main__ - INFO - epoch:014 train_loss=1.22588 train_acc=0.64111 val_acc=0.70297 time=0.10107 
2021-06-04 04:41:56,956 - __main__ - INFO - epoch:015 train_loss=1.58831 train_acc=0.62333 val_acc=0.70297 time=0.10103 
2021-06-04 04:41:57,061 - __main__ - INFO - epoch:016 train_loss=1.59574 train_acc=0.63000 val_acc=0.72277 time=0.10072 test_acc=0.77679 
2021-06-04 04:41:57,162 - __main__ - INFO - epoch:017 train_loss=1.35088 train_acc=0.64222 val_acc=0.74257 time=0.10082 
2021-06-04 04:41:57,267 - __main__ - INFO - epoch:018 train_loss=1.03541 train_acc=0.67111 val_acc=0.68317 time=0.10152 
2021-06-04 04:41:57,368 - __main__ - INFO - epoch:019 train_loss=0.84541 train_acc=0.68222 val_acc=0.70297 time=0.10093 
2021-06-04 04:41:57,469 - __main__ - INFO - epoch:020 train_loss=0.83106 train_acc=0.66889 val_acc=0.74257 time=0.10068 
2021-06-04 04:41:57,579 - __main__ - INFO - epoch:021 train_loss=0.73840 train_acc=0.68333 val_acc=0.71287 time=0.10137 test_acc=0.75000 
2021-06-04 04:41:57,680 - __main__ - INFO - epoch:022 train_loss=0.86655 train_acc=0.64444 val_acc=0.71287 time=0.10118 
2021-06-04 04:41:57,782 - __main__ - INFO - epoch:023 train_loss=0.82931 train_acc=0.66333 val_acc=0.71287 time=0.10133 
2021-06-04 04:41:57,884 - __main__ - INFO - epoch:024 train_loss=0.84706 train_acc=0.64556 val_acc=0.68317 time=0.10130 
2021-06-04 04:41:57,985 - __main__ - INFO - epoch:025 train_loss=0.80118 train_acc=0.66333 val_acc=0.74257 time=0.10092 
2021-06-04 04:41:58,094 - __main__ - INFO - epoch:026 train_loss=0.69638 train_acc=0.67000 val_acc=0.72277 time=0.10144 test_acc=0.77679 
2021-06-04 04:41:58,195 - __main__ - INFO - epoch:027 train_loss=0.67357 train_acc=0.68333 val_acc=0.70297 time=0.10095 
2021-06-04 04:41:58,297 - __main__ - INFO - epoch:028 train_loss=0.67869 train_acc=0.66778 val_acc=0.68317 time=0.10119 
2021-06-04 04:41:58,398 - __main__ - INFO - epoch:029 train_loss=0.66363 train_acc=0.69556 val_acc=0.71287 time=0.10091 
2021-06-04 04:41:58,496 - __main__ - INFO - epoch:030 train_loss=0.68661 train_acc=0.69222 val_acc=0.72277 time=0.09721 
2021-06-04 04:41:58,597 - __main__ - INFO - epoch:031 train_loss=0.62318 train_acc=0.71333 val_acc=0.72277 time=0.09632 test_acc=0.73214 
2021-06-04 04:41:58,693 - __main__ - INFO - epoch:032 train_loss=0.61423 train_acc=0.70333 val_acc=0.71287 time=0.09625 
2021-06-04 04:41:58,790 - __main__ - INFO - epoch:033 train_loss=0.60787 train_acc=0.70556 val_acc=0.72277 time=0.09674 
2021-06-04 04:41:58,887 - __main__ - INFO - epoch:034 train_loss=0.64629 train_acc=0.69222 val_acc=0.71287 time=0.09648 
2021-06-04 04:41:58,984 - __main__ - INFO - epoch:035 train_loss=0.60537 train_acc=0.68667 val_acc=0.71287 time=0.09664 
2021-06-04 04:41:59,085 - __main__ - INFO - epoch:036 train_loss=0.59374 train_acc=0.69111 val_acc=0.71287 time=0.09641 test_acc=0.74107 
2021-06-04 04:41:59,182 - __main__ - INFO - epoch:037 train_loss=0.62452 train_acc=0.69667 val_acc=0.71287 time=0.09677 
2021-06-04 04:41:59,280 - __main__ - INFO - epoch:038 train_loss=0.61894 train_acc=0.70667 val_acc=0.71287 time=0.09673 
2021-06-04 04:41:59,377 - __main__ - INFO - epoch:039 train_loss=0.62228 train_acc=0.69556 val_acc=0.70297 time=0.09659 
2021-06-04 04:41:59,474 - __main__ - INFO - epoch:040 train_loss=0.60711 train_acc=0.68778 val_acc=0.72277 time=0.09693 
2021-06-04 04:41:59,575 - __main__ - INFO - epoch:041 train_loss=0.58629 train_acc=0.69111 val_acc=0.71287 time=0.09693 test_acc=0.73214 
2021-06-04 04:41:59,672 - __main__ - INFO - epoch:042 train_loss=0.58324 train_acc=0.70000 val_acc=0.72277 time=0.09682 
2021-06-04 04:41:59,770 - __main__ - INFO - epoch:043 train_loss=0.60327 train_acc=0.69889 val_acc=0.72277 time=0.09693 
2021-06-04 04:41:59,867 - __main__ - INFO - epoch:044 train_loss=0.60163 train_acc=0.70889 val_acc=0.71287 time=0.09688 
2021-06-04 04:41:59,964 - __main__ - INFO - epoch:045 train_loss=0.57913 train_acc=0.71000 val_acc=0.72277 time=0.09634 
2021-06-04 04:42:00,065 - __main__ - INFO - epoch:046 train_loss=0.58885 train_acc=0.71444 val_acc=0.73267 time=0.09692 test_acc=0.74107 
2021-06-04 04:42:00,161 - __main__ - INFO - epoch:047 train_loss=0.61886 train_acc=0.70333 val_acc=0.71287 time=0.09612 
2021-06-04 04:42:00,258 - __main__ - INFO - epoch:048 train_loss=0.62587 train_acc=0.69444 val_acc=0.73267 time=0.09623 
2021-06-04 04:42:00,355 - __main__ - INFO - epoch:049 train_loss=0.59491 train_acc=0.69444 val_acc=0.72277 time=0.09654 
2021-06-04 04:42:00,452 - __main__ - INFO - epoch:050 train_loss=0.57692 train_acc=0.71333 val_acc=0.71287 time=0.09653 
2021-06-04 04:42:00,553 - __main__ - INFO - epoch:051 train_loss=0.55115 train_acc=0.71111 val_acc=0.73267 time=0.09616 test_acc=0.75000 
2021-06-04 04:42:00,649 - __main__ - INFO - epoch:052 train_loss=0.57956 train_acc=0.72444 val_acc=0.73267 time=0.09622 
2021-06-04 04:42:00,746 - __main__ - INFO - epoch:053 train_loss=0.56627 train_acc=0.73778 val_acc=0.73267 time=0.09636 
2021-06-04 04:42:00,843 - __main__ - INFO - epoch:054 train_loss=0.58747 train_acc=0.71111 val_acc=0.71287 time=0.09645 
2021-06-04 04:42:00,939 - __main__ - INFO - epoch:055 train_loss=0.56002 train_acc=0.71556 val_acc=0.73267 time=0.09622 
2021-06-04 04:42:01,040 - __main__ - INFO - epoch:056 train_loss=0.58305 train_acc=0.69333 val_acc=0.72277 time=0.09633 test_acc=0.75000 
2021-06-04 04:42:01,138 - __main__ - INFO - epoch:057 train_loss=0.55499 train_acc=0.71333 val_acc=0.72277 time=0.09745 
2021-06-04 04:42:01,235 - __main__ - INFO - epoch:058 train_loss=0.54929 train_acc=0.73889 val_acc=0.73267 time=0.09693 
2021-06-04 04:42:01,332 - __main__ - INFO - epoch:059 train_loss=0.55108 train_acc=0.72111 val_acc=0.72277 time=0.09667 
2021-06-04 04:42:01,429 - __main__ - INFO - epoch:060 train_loss=0.63090 train_acc=0.71667 val_acc=0.67327 time=0.09671 
2021-06-04 04:42:01,530 - __main__ - INFO - epoch:061 train_loss=0.58338 train_acc=0.70667 val_acc=0.70297 time=0.09669 test_acc=0.75000 
2021-06-04 04:42:01,627 - __main__ - INFO - epoch:062 train_loss=0.55779 train_acc=0.72333 val_acc=0.70297 time=0.09671 
2021-06-04 04:42:01,725 - __main__ - INFO - epoch:063 train_loss=0.56394 train_acc=0.70222 val_acc=0.73267 time=0.09686 
2021-06-04 04:42:01,821 - __main__ - INFO - epoch:064 train_loss=0.56162 train_acc=0.71778 val_acc=0.73267 time=0.09643 
2021-06-04 04:42:01,918 - __main__ - INFO - epoch:065 train_loss=0.54909 train_acc=0.71889 val_acc=0.71287 time=0.09665 
2021-06-04 04:42:02,019 - __main__ - INFO - epoch:066 train_loss=0.53923 train_acc=0.72889 val_acc=0.69307 time=0.09646 test_acc=0.75893 
2021-06-04 04:42:02,117 - __main__ - INFO - epoch:067 train_loss=0.53302 train_acc=0.73778 val_acc=0.72277 time=0.09692 
2021-06-04 04:42:02,214 - __main__ - INFO - epoch:068 train_loss=0.55957 train_acc=0.71000 val_acc=0.72277 time=0.09743 
2021-06-04 04:42:02,312 - __main__ - INFO - epoch:069 train_loss=0.57448 train_acc=0.71667 val_acc=0.72277 time=0.09715 
2021-06-04 04:42:02,409 - __main__ - INFO - epoch:070 train_loss=0.58312 train_acc=0.71000 val_acc=0.73267 time=0.09684 
2021-06-04 04:42:02,510 - __main__ - INFO - epoch:071 train_loss=0.56478 train_acc=0.71778 val_acc=0.72277 time=0.09696 test_acc=0.75000 
2021-06-04 04:42:02,608 - __main__ - INFO - epoch:072 train_loss=0.55275 train_acc=0.71889 val_acc=0.72277 time=0.09708 
2021-06-04 04:42:02,705 - __main__ - INFO - epoch:073 train_loss=0.55992 train_acc=0.72111 val_acc=0.74257 time=0.09736 
2021-06-04 04:42:02,805 - __main__ - INFO - epoch:074 train_loss=0.56044 train_acc=0.72778 val_acc=0.71287 time=0.09697 
2021-06-04 04:42:02,902 - __main__ - INFO - epoch:075 train_loss=0.54498 train_acc=0.73444 val_acc=0.70297 time=0.09640 
2021-06-04 04:42:03,003 - __main__ - INFO - epoch:076 train_loss=0.55911 train_acc=0.71333 val_acc=0.70297 time=0.09664 test_acc=0.74107 
2021-06-04 04:42:03,101 - __main__ - INFO - epoch:077 train_loss=0.55631 train_acc=0.71778 val_acc=0.70297 time=0.09712 
2021-06-04 04:42:03,198 - __main__ - INFO - epoch:078 train_loss=0.55636 train_acc=0.73222 val_acc=0.72277 time=0.09721 
2021-06-04 04:42:03,296 - __main__ - INFO - epoch:079 train_loss=0.55967 train_acc=0.71889 val_acc=0.72277 time=0.09711 
2021-06-04 04:42:03,393 - __main__ - INFO - epoch:080 train_loss=0.54482 train_acc=0.72667 val_acc=0.70297 time=0.09702 
2021-06-04 04:42:03,494 - __main__ - INFO - epoch:081 train_loss=0.56008 train_acc=0.74000 val_acc=0.71287 time=0.09694 test_acc=0.75893 
2021-06-04 04:42:03,592 - __main__ - INFO - epoch:082 train_loss=0.59753 train_acc=0.71889 val_acc=0.74257 time=0.09690 
2021-06-04 04:42:03,691 - __main__ - INFO - epoch:083 train_loss=0.56012 train_acc=0.72000 val_acc=0.70297 time=0.09700 
2021-06-04 04:42:03,789 - __main__ - INFO - epoch:084 train_loss=0.53965 train_acc=0.74222 val_acc=0.73267 time=0.09726 
2021-06-04 04:42:03,886 - __main__ - INFO - epoch:085 train_loss=0.54674 train_acc=0.73667 val_acc=0.71287 time=0.09699 
2021-06-04 04:42:03,988 - __main__ - INFO - epoch:086 train_loss=0.54820 train_acc=0.72333 val_acc=0.71287 time=0.09685 test_acc=0.74107 
2021-06-04 04:42:04,085 - __main__ - INFO - epoch:087 train_loss=0.55573 train_acc=0.73000 val_acc=0.71287 time=0.09710 
2021-06-04 04:42:04,182 - __main__ - INFO - epoch:088 train_loss=0.54677 train_acc=0.73556 val_acc=0.71287 time=0.09665 
2021-06-04 04:42:04,279 - __main__ - INFO - epoch:089 train_loss=0.54562 train_acc=0.72556 val_acc=0.72277 time=0.09709 
2021-06-04 04:42:04,377 - __main__ - INFO - epoch:090 train_loss=0.54079 train_acc=0.73000 val_acc=0.73267 time=0.09715 
2021-06-04 04:42:04,478 - __main__ - INFO - epoch:091 train_loss=0.55930 train_acc=0.70778 val_acc=0.72277 time=0.09700 test_acc=0.77679 
2021-06-04 04:42:04,576 - __main__ - INFO - epoch:092 train_loss=0.55077 train_acc=0.73556 val_acc=0.71287 time=0.09722 
2021-06-04 04:42:04,673 - __main__ - INFO - epoch:093 train_loss=0.54730 train_acc=0.72444 val_acc=0.75248 time=0.09667 
2021-06-04 04:42:04,773 - __main__ - INFO - epoch:094 train_loss=0.54263 train_acc=0.72778 val_acc=0.70297 time=0.09665 
2021-06-04 04:42:04,870 - __main__ - INFO - epoch:095 train_loss=0.52585 train_acc=0.75000 val_acc=0.74257 time=0.09693 
2021-06-04 04:42:04,972 - __main__ - INFO - epoch:096 train_loss=0.52689 train_acc=0.73778 val_acc=0.72277 time=0.09692 test_acc=0.76786 
2021-06-04 04:42:05,069 - __main__ - INFO - epoch:097 train_loss=0.53694 train_acc=0.73222 val_acc=0.72277 time=0.09695 
2021-06-04 04:42:05,167 - __main__ - INFO - epoch:098 train_loss=0.54729 train_acc=0.72333 val_acc=0.73267 time=0.09798 
2021-06-04 04:42:05,265 - __main__ - INFO - epoch:099 train_loss=0.54143 train_acc=0.73444 val_acc=0.77228 time=0.09730 
2021-06-04 04:42:05,366 - __main__ - INFO - epoch:100 train_loss=0.54791 train_acc=0.72111 val_acc=0.73267 time=0.09698 
2021-06-04 04:42:05,467 - __main__ - INFO - epoch:101 train_loss=0.55315 train_acc=0.73444 val_acc=0.72277 time=0.09700 test_acc=0.75893 
2021-06-04 04:42:05,565 - __main__ - INFO - epoch:102 train_loss=0.54447 train_acc=0.74000 val_acc=0.73267 time=0.09717 
2021-06-04 04:42:05,662 - __main__ - INFO - epoch:103 train_loss=0.51636 train_acc=0.73444 val_acc=0.73267 time=0.09703 
2021-06-04 04:42:05,759 - __main__ - INFO - epoch:104 train_loss=0.53880 train_acc=0.71667 val_acc=0.71287 time=0.09682 
2021-06-04 04:42:05,856 - __main__ - INFO - epoch:105 train_loss=0.54421 train_acc=0.72222 val_acc=0.73267 time=0.09673 
2021-06-04 04:42:05,958 - __main__ - INFO - epoch:106 train_loss=0.53164 train_acc=0.74111 val_acc=0.72277 time=0.09677 test_acc=0.78571 
2021-06-04 04:42:06,055 - __main__ - INFO - epoch:107 train_loss=0.54784 train_acc=0.73778 val_acc=0.73267 time=0.09725 
2021-06-04 04:42:06,153 - __main__ - INFO - epoch:108 train_loss=0.54936 train_acc=0.74000 val_acc=0.72277 time=0.09745 
2021-06-04 04:42:06,250 - __main__ - INFO - epoch:109 train_loss=0.54120 train_acc=0.73111 val_acc=0.77228 time=0.09707 
2021-06-04 04:42:06,351 - __main__ - INFO - epoch:110 train_loss=0.53124 train_acc=0.72667 val_acc=0.71287 time=0.09748 
2021-06-04 04:42:06,453 - __main__ - INFO - epoch:111 train_loss=0.53727 train_acc=0.74000 val_acc=0.71287 time=0.09736 test_acc=0.77679 
2021-06-04 04:42:06,551 - __main__ - INFO - epoch:112 train_loss=0.53605 train_acc=0.73556 val_acc=0.74257 time=0.09715 
2021-06-04 04:42:06,648 - __main__ - INFO - epoch:113 train_loss=0.53164 train_acc=0.75222 val_acc=0.71287 time=0.09709 
2021-06-04 04:42:06,745 - __main__ - INFO - epoch:114 train_loss=0.54369 train_acc=0.73556 val_acc=0.73267 time=0.09697 
2021-06-04 04:42:06,843 - __main__ - INFO - epoch:115 train_loss=0.54221 train_acc=0.72444 val_acc=0.71287 time=0.09694 
2021-06-04 04:42:06,944 - __main__ - INFO - epoch:116 train_loss=0.54112 train_acc=0.73333 val_acc=0.71287 time=0.09729 test_acc=0.74107 
2021-06-04 04:42:07,042 - __main__ - INFO - epoch:117 train_loss=0.56124 train_acc=0.72333 val_acc=0.73267 time=0.09708 
2021-06-04 04:42:07,139 - __main__ - INFO - epoch:118 train_loss=0.55528 train_acc=0.72222 val_acc=0.71287 time=0.09734 
2021-06-04 04:42:07,237 - __main__ - INFO - epoch:119 train_loss=0.54410 train_acc=0.73667 val_acc=0.72277 time=0.09717 
2021-06-04 04:42:07,334 - __main__ - INFO - epoch:120 train_loss=0.54009 train_acc=0.73222 val_acc=0.74257 time=0.09713 
2021-06-04 04:42:07,436 - __main__ - INFO - epoch:121 train_loss=0.54710 train_acc=0.73000 val_acc=0.72277 time=0.09703 test_acc=0.77679 
2021-06-04 04:42:07,533 - __main__ - INFO - epoch:122 train_loss=0.54255 train_acc=0.72111 val_acc=0.71287 time=0.09662 
2021-06-04 04:42:07,630 - __main__ - INFO - epoch:123 train_loss=0.53755 train_acc=0.74000 val_acc=0.72277 time=0.09667 
2021-06-04 04:42:07,727 - __main__ - INFO - epoch:124 train_loss=0.51743 train_acc=0.75333 val_acc=0.71287 time=0.09666 
2021-06-04 04:42:07,824 - __main__ - INFO - epoch:125 train_loss=0.53428 train_acc=0.74556 val_acc=0.71287 time=0.09681 
2021-06-04 04:42:07,925 - __main__ - INFO - epoch:126 train_loss=0.53729 train_acc=0.72444 val_acc=0.74257 time=0.09657 test_acc=0.76786 
2021-06-04 04:42:08,022 - __main__ - INFO - epoch:127 train_loss=0.53453 train_acc=0.74778 val_acc=0.73267 time=0.09713 
2021-06-04 04:42:08,119 - __main__ - INFO - epoch:128 train_loss=0.53899 train_acc=0.72111 val_acc=0.71287 time=0.09665 
2021-06-04 04:42:08,217 - __main__ - INFO - epoch:129 train_loss=0.53860 train_acc=0.74111 val_acc=0.71287 time=0.09751 
2021-06-04 04:42:08,314 - __main__ - INFO - epoch:130 train_loss=0.53534 train_acc=0.74000 val_acc=0.73267 time=0.09719 
2021-06-04 04:42:08,416 - __main__ - INFO - epoch:131 train_loss=0.53899 train_acc=0.72889 val_acc=0.73267 time=0.09687 test_acc=0.74107 
2021-06-04 04:42:08,513 - __main__ - INFO - epoch:132 train_loss=0.54611 train_acc=0.73778 val_acc=0.72277 time=0.09684 
2021-06-04 04:42:08,610 - __main__ - INFO - epoch:133 train_loss=0.52525 train_acc=0.74000 val_acc=0.74257 time=0.09675 
2021-06-04 04:42:08,707 - __main__ - INFO - epoch:134 train_loss=0.55967 train_acc=0.73444 val_acc=0.75248 time=0.09683 
2021-06-04 04:42:08,804 - __main__ - INFO - epoch:135 train_loss=0.53574 train_acc=0.74556 val_acc=0.72277 time=0.09701 
2021-06-04 04:42:08,906 - __main__ - INFO - epoch:136 train_loss=0.52908 train_acc=0.75333 val_acc=0.73267 time=0.09707 test_acc=0.79464 
2021-06-04 04:42:09,003 - __main__ - INFO - epoch:137 train_loss=0.52332 train_acc=0.74111 val_acc=0.71287 time=0.09700 
2021-06-04 04:42:09,100 - __main__ - INFO - epoch:138 train_loss=0.54538 train_acc=0.73000 val_acc=0.71287 time=0.09693 
2021-06-04 04:42:09,197 - __main__ - INFO - epoch:139 train_loss=0.55449 train_acc=0.73000 val_acc=0.74257 time=0.09681 
2021-06-04 04:42:09,294 - __main__ - INFO - epoch:140 train_loss=0.53559 train_acc=0.73222 val_acc=0.73267 time=0.09671 
2021-06-04 04:42:09,395 - __main__ - INFO - epoch:141 train_loss=0.54467 train_acc=0.73111 val_acc=0.71287 time=0.09668 test_acc=0.77679 
2021-06-04 04:42:09,492 - __main__ - INFO - epoch:142 train_loss=0.54286 train_acc=0.74222 val_acc=0.73267 time=0.09667 
2021-06-04 04:42:09,589 - __main__ - INFO - epoch:143 train_loss=0.55834 train_acc=0.72556 val_acc=0.70297 time=0.09674 
2021-06-04 04:42:09,686 - __main__ - INFO - epoch:144 train_loss=0.54577 train_acc=0.71444 val_acc=0.72277 time=0.09669 
2021-06-04 04:42:09,784 - __main__ - INFO - epoch:145 train_loss=0.53457 train_acc=0.72556 val_acc=0.74257 time=0.09701 
2021-06-04 04:42:09,885 - __main__ - INFO - epoch:146 train_loss=0.53250 train_acc=0.72667 val_acc=0.71287 time=0.09677 test_acc=0.77679 
2021-06-04 04:42:09,982 - __main__ - INFO - epoch:147 train_loss=0.52672 train_acc=0.74333 val_acc=0.72277 time=0.09653 
2021-06-04 04:42:10,078 - __main__ - INFO - epoch:148 train_loss=0.53299 train_acc=0.73889 val_acc=0.69307 time=0.09653 
2021-06-04 04:42:10,175 - __main__ - INFO - epoch:149 train_loss=0.55256 train_acc=0.72333 val_acc=0.74257 time=0.09673 
2021-06-04 04:42:10,272 - __main__ - INFO - epoch:150 train_loss=0.53108 train_acc=0.73778 val_acc=0.70297 time=0.09674 
2021-06-04 04:42:10,374 - __main__ - INFO - epoch:151 train_loss=0.53732 train_acc=0.74222 val_acc=0.70297 time=0.09692 test_acc=0.76786 
2021-06-04 04:42:10,471 - __main__ - INFO - epoch:152 train_loss=0.53902 train_acc=0.74444 val_acc=0.73267 time=0.09670 
2021-06-04 04:42:10,568 - __main__ - INFO - epoch:153 train_loss=0.53259 train_acc=0.73444 val_acc=0.74257 time=0.09689 
2021-06-04 04:42:10,665 - __main__ - INFO - epoch:154 train_loss=0.54036 train_acc=0.74889 val_acc=0.72277 time=0.09658 
2021-06-04 04:42:10,762 - __main__ - INFO - epoch:155 train_loss=0.52029 train_acc=0.74778 val_acc=0.71287 time=0.09719 
2021-06-04 04:42:10,864 - __main__ - INFO - epoch:156 train_loss=0.52560 train_acc=0.74444 val_acc=0.75248 time=0.09687 test_acc=0.75000 
2021-06-04 04:42:10,961 - __main__ - INFO - epoch:157 train_loss=0.52941 train_acc=0.74556 val_acc=0.74257 time=0.09689 
2021-06-04 04:42:11,058 - __main__ - INFO - epoch:158 train_loss=0.52159 train_acc=0.74778 val_acc=0.73267 time=0.09683 
2021-06-04 04:42:11,155 - __main__ - INFO - epoch:159 train_loss=0.53093 train_acc=0.75111 val_acc=0.77228 time=0.09706 
2021-06-04 04:42:11,255 - __main__ - INFO - epoch:160 train_loss=0.53097 train_acc=0.74667 val_acc=0.74257 time=0.09716 
2021-06-04 04:42:11,356 - __main__ - INFO - epoch:161 train_loss=0.52116 train_acc=0.73333 val_acc=0.74257 time=0.09699 test_acc=0.76786 
2021-06-04 04:42:11,454 - __main__ - INFO - epoch:162 train_loss=0.53631 train_acc=0.72556 val_acc=0.76238 time=0.09697 
2021-06-04 04:42:11,551 - __main__ - INFO - epoch:163 train_loss=0.51957 train_acc=0.74667 val_acc=0.72277 time=0.09712 
2021-06-04 04:42:11,648 - __main__ - INFO - epoch:164 train_loss=0.54411 train_acc=0.73667 val_acc=0.75248 time=0.09679 
2021-06-04 04:42:11,745 - __main__ - INFO - epoch:165 train_loss=0.53259 train_acc=0.73556 val_acc=0.75248 time=0.09699 
2021-06-04 04:42:11,847 - __main__ - INFO - epoch:166 train_loss=0.52466 train_acc=0.74444 val_acc=0.72277 time=0.09704 test_acc=0.77679 
2021-06-04 04:42:11,944 - __main__ - INFO - epoch:167 train_loss=0.53215 train_acc=0.74333 val_acc=0.75248 time=0.09656 
2021-06-04 04:42:12,041 - __main__ - INFO - epoch:168 train_loss=0.52366 train_acc=0.74556 val_acc=0.74257 time=0.09649 
2021-06-04 04:42:12,137 - __main__ - INFO - epoch:169 train_loss=0.53673 train_acc=0.74333 val_acc=0.75248 time=0.09659 
2021-06-04 04:42:12,234 - __main__ - INFO - epoch:170 train_loss=0.55241 train_acc=0.71889 val_acc=0.78218 time=0.09656 
2021-06-04 04:42:12,338 - __main__ - INFO - epoch:171 train_loss=0.54213 train_acc=0.74444 val_acc=0.76238 time=0.09673 test_acc=0.77679 
2021-06-04 04:42:12,434 - __main__ - INFO - epoch:172 train_loss=0.52800 train_acc=0.72667 val_acc=0.74257 time=0.09614 
2021-06-04 04:42:12,531 - __main__ - INFO - epoch:173 train_loss=0.52282 train_acc=0.75222 val_acc=0.74257 time=0.09632 
2021-06-04 04:42:12,627 - __main__ - INFO - epoch:174 train_loss=0.51116 train_acc=0.74778 val_acc=0.79208 time=0.09632 
2021-06-04 04:42:12,726 - __main__ - INFO - epoch:175 train_loss=0.52769 train_acc=0.74667 val_acc=0.76238 time=0.09636 
2021-06-04 04:42:12,827 - __main__ - INFO - epoch:176 train_loss=0.52094 train_acc=0.73889 val_acc=0.76238 time=0.09633 test_acc=0.75893 
2021-06-04 04:42:12,923 - __main__ - INFO - epoch:177 train_loss=0.53695 train_acc=0.74000 val_acc=0.75248 time=0.09582 
2021-06-04 04:42:13,020 - __main__ - INFO - epoch:178 train_loss=0.53878 train_acc=0.74222 val_acc=0.73267 time=0.09622 
2021-06-04 04:42:13,116 - __main__ - INFO - epoch:179 train_loss=0.52027 train_acc=0.73889 val_acc=0.73267 time=0.09614 
2021-06-04 04:42:13,213 - __main__ - INFO - epoch:180 train_loss=0.53895 train_acc=0.72667 val_acc=0.75248 time=0.09645 
2021-06-04 04:42:13,314 - __main__ - INFO - epoch:181 train_loss=0.54788 train_acc=0.72889 val_acc=0.75248 time=0.09650 test_acc=0.73214 
2021-06-04 04:42:13,411 - __main__ - INFO - epoch:182 train_loss=0.52228 train_acc=0.74667 val_acc=0.75248 time=0.09658 
2021-06-04 04:42:13,508 - __main__ - INFO - epoch:183 train_loss=0.53621 train_acc=0.73333 val_acc=0.75248 time=0.09649 
2021-06-04 04:42:13,605 - __main__ - INFO - epoch:184 train_loss=0.53856 train_acc=0.74222 val_acc=0.72277 time=0.09663 
2021-06-04 04:42:13,701 - __main__ - INFO - epoch:185 train_loss=0.52712 train_acc=0.74333 val_acc=0.74257 time=0.09648 
2021-06-04 04:42:13,802 - __main__ - INFO - epoch:186 train_loss=0.54427 train_acc=0.74000 val_acc=0.73267 time=0.09642 test_acc=0.76786 
2021-06-04 04:42:13,899 - __main__ - INFO - epoch:187 train_loss=0.51135 train_acc=0.74778 val_acc=0.75248 time=0.09614 
2021-06-04 04:42:13,996 - __main__ - INFO - epoch:188 train_loss=0.52534 train_acc=0.75889 val_acc=0.70297 time=0.09682 
2021-06-04 04:42:14,093 - __main__ - INFO - epoch:189 train_loss=0.53158 train_acc=0.73444 val_acc=0.75248 time=0.09651 
2021-06-04 04:42:14,190 - __main__ - INFO - epoch:190 train_loss=0.52727 train_acc=0.74000 val_acc=0.72277 time=0.09682 
2021-06-04 04:42:14,290 - __main__ - INFO - epoch:191 train_loss=0.52449 train_acc=0.75667 val_acc=0.74257 time=0.09617 test_acc=0.75000 
2021-06-04 04:42:14,387 - __main__ - INFO - epoch:192 train_loss=0.54391 train_acc=0.74222 val_acc=0.73267 time=0.09661 
2021-06-04 04:42:14,484 - __main__ - INFO - epoch:193 train_loss=0.53654 train_acc=0.74111 val_acc=0.76238 time=0.09651 
2021-06-04 04:42:14,581 - __main__ - INFO - epoch:194 train_loss=0.52289 train_acc=0.74778 val_acc=0.73267 time=0.09666 
2021-06-04 04:42:14,678 - __main__ - INFO - epoch:195 train_loss=0.51764 train_acc=0.75444 val_acc=0.79208 time=0.09655 
2021-06-04 04:42:14,782 - __main__ - INFO - epoch:196 train_loss=0.53289 train_acc=0.75000 val_acc=0.75248 time=0.09694 test_acc=0.76786 
2021-06-04 04:42:14,879 - __main__ - INFO - epoch:197 train_loss=0.52399 train_acc=0.75556 val_acc=0.75248 time=0.09698 
2021-06-04 04:42:14,976 - __main__ - INFO - epoch:198 train_loss=0.52751 train_acc=0.75667 val_acc=0.76238 time=0.09685 
2021-06-04 04:42:15,074 - __main__ - INFO - epoch:199 train_loss=0.53610 train_acc=0.73333 val_acc=0.75248 time=0.09704 
2021-06-04 04:42:15,171 - __main__ - INFO - epoch:200 train_loss=0.53064 train_acc=0.73667 val_acc=0.73267 time=0.09676 
2021-06-04 04:42:15,273 - __main__ - INFO - epoch:201 train_loss=0.53992 train_acc=0.73444 val_acc=0.76238 time=0.09783 test_acc=0.77679 
2021-06-04 04:42:15,370 - __main__ - INFO - epoch:202 train_loss=0.54042 train_acc=0.73333 val_acc=0.74257 time=0.09686 
2021-06-04 04:42:15,467 - __main__ - INFO - epoch:203 train_loss=0.54272 train_acc=0.75000 val_acc=0.75248 time=0.09683 
2021-06-04 04:42:15,564 - __main__ - INFO - epoch:204 train_loss=0.53808 train_acc=0.73111 val_acc=0.75248 time=0.09674 
2021-06-04 04:42:15,661 - __main__ - INFO - epoch:205 train_loss=0.53356 train_acc=0.73333 val_acc=0.75248 time=0.09680 
2021-06-04 04:42:15,763 - __main__ - INFO - epoch:206 train_loss=0.52436 train_acc=0.74333 val_acc=0.76238 time=0.09658 test_acc=0.77679 
2021-06-04 04:42:15,859 - __main__ - INFO - epoch:207 train_loss=0.51123 train_acc=0.75000 val_acc=0.76238 time=0.09661 
2021-06-04 04:42:15,956 - __main__ - INFO - epoch:208 train_loss=0.53667 train_acc=0.74222 val_acc=0.75248 time=0.09621 
2021-06-04 04:42:16,052 - __main__ - INFO - epoch:209 train_loss=0.52142 train_acc=0.74111 val_acc=0.74257 time=0.09605 
2021-06-04 04:42:16,149 - __main__ - INFO - epoch:210 train_loss=0.52526 train_acc=0.74222 val_acc=0.74257 time=0.09636 
2021-06-04 04:42:16,250 - __main__ - INFO - epoch:211 train_loss=0.50803 train_acc=0.74667 val_acc=0.74257 time=0.09600 test_acc=0.75000 
2021-06-04 04:42:16,346 - __main__ - INFO - epoch:212 train_loss=0.51889 train_acc=0.75000 val_acc=0.74257 time=0.09625 
2021-06-04 04:42:16,442 - __main__ - INFO - epoch:213 train_loss=0.53669 train_acc=0.74000 val_acc=0.74257 time=0.09605 
2021-06-04 04:42:16,539 - __main__ - INFO - epoch:214 train_loss=0.52272 train_acc=0.73778 val_acc=0.75248 time=0.09655 
2021-06-04 04:42:16,636 - __main__ - INFO - epoch:215 train_loss=0.52271 train_acc=0.76222 val_acc=0.74257 time=0.09646 
2021-06-04 04:42:16,737 - __main__ - INFO - epoch:216 train_loss=0.52744 train_acc=0.74111 val_acc=0.76238 time=0.09686 test_acc=0.77679 
2021-06-04 04:42:16,834 - __main__ - INFO - epoch:217 train_loss=0.52952 train_acc=0.72889 val_acc=0.75248 time=0.09665 
2021-06-04 04:42:16,931 - __main__ - INFO - epoch:218 train_loss=0.52829 train_acc=0.74667 val_acc=0.76238 time=0.09675 
2021-06-04 04:42:17,028 - __main__ - INFO - epoch:219 train_loss=0.53700 train_acc=0.74444 val_acc=0.75248 time=0.09675 
2021-06-04 04:42:17,125 - __main__ - INFO - epoch:220 train_loss=0.52981 train_acc=0.72111 val_acc=0.76238 time=0.09644 
2021-06-04 04:42:17,226 - __main__ - INFO - epoch:221 train_loss=0.51957 train_acc=0.74111 val_acc=0.74257 time=0.09588 test_acc=0.77679 
2021-06-04 04:42:17,322 - __main__ - INFO - epoch:222 train_loss=0.52248 train_acc=0.74000 val_acc=0.74257 time=0.09594 
2021-06-04 04:42:17,419 - __main__ - INFO - epoch:223 train_loss=0.53870 train_acc=0.75444 val_acc=0.76238 time=0.09638 
2021-06-04 04:42:17,515 - __main__ - INFO - epoch:224 train_loss=0.52618 train_acc=0.73667 val_acc=0.75248 time=0.09649 
2021-06-04 04:42:17,612 - __main__ - INFO - epoch:225 train_loss=0.52574 train_acc=0.74333 val_acc=0.75248 time=0.09646 
2021-06-04 04:42:17,713 - __main__ - INFO - epoch:226 train_loss=0.52036 train_acc=0.73667 val_acc=0.75248 time=0.09614 test_acc=0.77679 
2021-06-04 04:42:17,809 - __main__ - INFO - epoch:227 train_loss=0.52936 train_acc=0.74111 val_acc=0.77228 time=0.09594 
2021-06-04 04:42:17,905 - __main__ - INFO - epoch:228 train_loss=0.52228 train_acc=0.73556 val_acc=0.76238 time=0.09618 
2021-06-04 04:42:18,002 - __main__ - INFO - epoch:229 train_loss=0.52315 train_acc=0.73889 val_acc=0.74257 time=0.09619 
2021-06-04 04:42:18,099 - __main__ - INFO - epoch:230 train_loss=0.53356 train_acc=0.75333 val_acc=0.75248 time=0.09682 
2021-06-04 04:42:18,200 - __main__ - INFO - epoch:231 train_loss=0.53357 train_acc=0.72889 val_acc=0.77228 time=0.09632 test_acc=0.76786 
2021-06-04 04:42:18,296 - __main__ - INFO - epoch:232 train_loss=0.53330 train_acc=0.74222 val_acc=0.75248 time=0.09592 
2021-06-04 04:42:18,393 - __main__ - INFO - epoch:233 train_loss=0.52019 train_acc=0.74889 val_acc=0.74257 time=0.09626 
2021-06-04 04:42:18,489 - __main__ - INFO - epoch:234 train_loss=0.53158 train_acc=0.73222 val_acc=0.76238 time=0.09612 
2021-06-04 04:42:18,586 - __main__ - INFO - epoch:235 train_loss=0.51698 train_acc=0.74889 val_acc=0.74257 time=0.09623 
2021-06-04 04:42:18,686 - __main__ - INFO - epoch:236 train_loss=0.53291 train_acc=0.73556 val_acc=0.75248 time=0.09609 test_acc=0.75000 
2021-06-04 04:42:18,783 - __main__ - INFO - epoch:237 train_loss=0.54069 train_acc=0.73667 val_acc=0.75248 time=0.09615 
2021-06-04 04:42:18,879 - __main__ - INFO - epoch:238 train_loss=0.52998 train_acc=0.72889 val_acc=0.76238 time=0.09601 
2021-06-04 04:42:18,976 - __main__ - INFO - epoch:239 train_loss=0.52625 train_acc=0.74889 val_acc=0.79208 time=0.09636 
2021-06-04 04:42:19,075 - __main__ - INFO - epoch:240 train_loss=0.53014 train_acc=0.74444 val_acc=0.76238 time=0.09680 
2021-06-04 04:42:19,176 - __main__ - INFO - epoch:241 train_loss=0.52167 train_acc=0.74889 val_acc=0.76238 time=0.09651 test_acc=0.75893 
2021-06-04 04:42:19,273 - __main__ - INFO - epoch:242 train_loss=0.52006 train_acc=0.74444 val_acc=0.75248 time=0.09669 
2021-06-04 04:42:19,370 - __main__ - INFO - epoch:243 train_loss=0.51581 train_acc=0.75556 val_acc=0.76238 time=0.09704 
2021-06-04 04:42:19,468 - __main__ - INFO - epoch:244 train_loss=0.52074 train_acc=0.73556 val_acc=0.75248 time=0.09674 
2021-06-04 04:42:19,565 - __main__ - INFO - epoch:245 train_loss=0.52145 train_acc=0.74889 val_acc=0.74257 time=0.09672 
2021-06-04 04:42:19,666 - __main__ - INFO - epoch:246 train_loss=0.54798 train_acc=0.74444 val_acc=0.75248 time=0.09697 test_acc=0.75000 
2021-06-04 04:42:19,763 - __main__ - INFO - epoch:247 train_loss=0.52781 train_acc=0.73667 val_acc=0.76238 time=0.09703 
2021-06-04 04:42:19,861 - __main__ - INFO - epoch:248 train_loss=0.52933 train_acc=0.74889 val_acc=0.76238 time=0.09677 
2021-06-04 04:42:19,958 - __main__ - INFO - epoch:249 train_loss=0.53421 train_acc=0.75444 val_acc=0.76238 time=0.09678 
2021-06-04 04:42:20,055 - __main__ - INFO - epoch:250 train_loss=0.51892 train_acc=0.74444 val_acc=0.76238 time=0.09662 
2021-06-04 04:42:20,156 - __main__ - INFO - epoch:251 train_loss=0.52344 train_acc=0.74111 val_acc=0.75248 time=0.09731 test_acc=0.75893 
2021-06-04 04:42:20,254 - __main__ - INFO - epoch:252 train_loss=0.53408 train_acc=0.73556 val_acc=0.77228 time=0.09701 
2021-06-04 04:42:20,351 - __main__ - INFO - epoch:253 train_loss=0.51980 train_acc=0.73222 val_acc=0.77228 time=0.09707 
2021-06-04 04:42:20,449 - __main__ - INFO - epoch:254 train_loss=0.53958 train_acc=0.71889 val_acc=0.76238 time=0.09706 
2021-06-04 04:42:20,546 - __main__ - INFO - epoch:255 train_loss=0.52250 train_acc=0.74889 val_acc=0.76238 time=0.09731 
2021-06-04 04:42:20,648 - __main__ - INFO - epoch:256 train_loss=0.51754 train_acc=0.75444 val_acc=0.76238 time=0.09723 test_acc=0.77679 
2021-06-04 04:42:20,746 - __main__ - INFO - epoch:257 train_loss=0.51746 train_acc=0.74111 val_acc=0.76238 time=0.09717 
2021-06-04 04:42:20,843 - __main__ - INFO - epoch:258 train_loss=0.51818 train_acc=0.74333 val_acc=0.75248 time=0.09709 
2021-06-04 04:42:20,941 - __main__ - INFO - epoch:259 train_loss=0.53717 train_acc=0.73889 val_acc=0.74257 time=0.09720 
2021-06-04 04:42:21,039 - __main__ - INFO - epoch:260 train_loss=0.53187 train_acc=0.75222 val_acc=0.79208 time=0.09800 
2021-06-04 04:42:21,144 - __main__ - INFO - epoch:261 train_loss=0.52094 train_acc=0.74000 val_acc=0.77228 time=0.09762 test_acc=0.75000 
2021-06-04 04:42:21,242 - __main__ - INFO - epoch:262 train_loss=0.52849 train_acc=0.74444 val_acc=0.79208 time=0.09716 
2021-06-04 04:42:21,342 - __main__ - INFO - epoch:263 train_loss=0.51868 train_acc=0.73556 val_acc=0.78218 time=0.09715 
2021-06-04 04:42:21,439 - __main__ - INFO - epoch:264 train_loss=0.53973 train_acc=0.74889 val_acc=0.78218 time=0.09670 
2021-06-04 04:42:21,536 - __main__ - INFO - epoch:265 train_loss=0.53719 train_acc=0.74222 val_acc=0.77228 time=0.09636 
2021-06-04 04:42:21,637 - __main__ - INFO - epoch:266 train_loss=0.52802 train_acc=0.73333 val_acc=0.77228 time=0.09676 test_acc=0.77679 
2021-06-04 04:42:21,735 - __main__ - INFO - epoch:267 train_loss=0.52760 train_acc=0.74444 val_acc=0.77228 time=0.09706 
2021-06-04 04:42:21,832 - __main__ - INFO - epoch:268 train_loss=0.52922 train_acc=0.75111 val_acc=0.76238 time=0.09714 
2021-06-04 04:42:21,929 - __main__ - INFO - epoch:269 train_loss=0.54005 train_acc=0.73444 val_acc=0.76238 time=0.09690 
2021-06-04 04:42:22,027 - __main__ - INFO - epoch:270 train_loss=0.52138 train_acc=0.74889 val_acc=0.76238 time=0.09689 
2021-06-04 04:42:22,128 - __main__ - INFO - epoch:271 train_loss=0.51311 train_acc=0.75444 val_acc=0.77228 time=0.09660 test_acc=0.76786 
2021-06-04 04:42:22,225 - __main__ - INFO - epoch:272 train_loss=0.50522 train_acc=0.75000 val_acc=0.77228 time=0.09654 
2021-06-04 04:42:22,321 - __main__ - INFO - epoch:273 train_loss=0.53786 train_acc=0.74667 val_acc=0.76238 time=0.09633 
2021-06-04 04:42:22,418 - __main__ - INFO - epoch:274 train_loss=0.53288 train_acc=0.74889 val_acc=0.77228 time=0.09664 
2021-06-04 04:42:22,515 - __main__ - INFO - epoch:275 train_loss=0.52414 train_acc=0.74444 val_acc=0.73267 time=0.09660 
2021-06-04 04:42:22,616 - __main__ - INFO - epoch:276 train_loss=0.53042 train_acc=0.73889 val_acc=0.77228 time=0.09677 test_acc=0.75000 
2021-06-04 04:42:22,714 - __main__ - INFO - epoch:277 train_loss=0.52454 train_acc=0.75333 val_acc=0.75248 time=0.09699 
2021-06-04 04:42:22,811 - __main__ - INFO - epoch:278 train_loss=0.52935 train_acc=0.73444 val_acc=0.77228 time=0.09712 
2021-06-04 04:42:22,909 - __main__ - INFO - epoch:279 train_loss=0.53070 train_acc=0.74222 val_acc=0.76238 time=0.09715 
2021-06-04 04:42:23,006 - __main__ - INFO - epoch:280 train_loss=0.52136 train_acc=0.74667 val_acc=0.73267 time=0.09714 
2021-06-04 04:42:23,108 - __main__ - INFO - epoch:281 train_loss=0.52721 train_acc=0.74889 val_acc=0.77228 time=0.09715 test_acc=0.75893 
2021-06-04 04:42:23,206 - __main__ - INFO - epoch:282 train_loss=0.52748 train_acc=0.75222 val_acc=0.78218 time=0.09743 
2021-06-04 04:42:23,303 - __main__ - INFO - epoch:283 train_loss=0.51321 train_acc=0.74889 val_acc=0.77228 time=0.09729 
2021-06-04 04:42:23,401 - __main__ - INFO - epoch:284 train_loss=0.51760 train_acc=0.76222 val_acc=0.77228 time=0.09716 
2021-06-04 04:42:23,498 - __main__ - INFO - epoch:285 train_loss=0.50888 train_acc=0.76000 val_acc=0.74257 time=0.09720 
2021-06-04 04:42:23,600 - __main__ - INFO - epoch:286 train_loss=0.52835 train_acc=0.75222 val_acc=0.75248 time=0.09756 test_acc=0.75893 
2021-06-04 04:42:23,698 - __main__ - INFO - epoch:287 train_loss=0.51700 train_acc=0.74889 val_acc=0.75248 time=0.09715 
2021-06-04 04:42:23,796 - __main__ - INFO - epoch:288 train_loss=0.52720 train_acc=0.74333 val_acc=0.77228 time=0.09726 
2021-06-04 04:42:23,893 - __main__ - INFO - epoch:289 train_loss=0.52503 train_acc=0.75556 val_acc=0.77228 time=0.09707 
2021-06-04 04:42:23,990 - __main__ - INFO - epoch:290 train_loss=0.52609 train_acc=0.75667 val_acc=0.77228 time=0.09685 
2021-06-04 04:42:24,091 - __main__ - INFO - epoch:291 train_loss=0.51926 train_acc=0.75333 val_acc=0.77228 time=0.09684 test_acc=0.76786 
2021-06-04 04:42:24,188 - __main__ - INFO - epoch:292 train_loss=0.53065 train_acc=0.74111 val_acc=0.77228 time=0.09667 
2021-06-04 04:42:24,286 - __main__ - INFO - epoch:293 train_loss=0.52059 train_acc=0.74333 val_acc=0.76238 time=0.09674 
2021-06-04 04:42:24,383 - __main__ - INFO - epoch:294 train_loss=0.52493 train_acc=0.73889 val_acc=0.76238 time=0.09702 
2021-06-04 04:42:24,480 - __main__ - INFO - epoch:295 train_loss=0.51335 train_acc=0.74556 val_acc=0.77228 time=0.09683 
2021-06-04 04:42:24,581 - __main__ - INFO - epoch:296 train_loss=0.52849 train_acc=0.72889 val_acc=0.77228 time=0.09675 test_acc=0.78571 
2021-06-04 04:42:24,679 - __main__ - INFO - epoch:297 train_loss=0.52086 train_acc=0.74444 val_acc=0.75248 time=0.09684 
2021-06-04 04:42:24,776 - __main__ - INFO - epoch:298 train_loss=0.51735 train_acc=0.74222 val_acc=0.75248 time=0.09672 
2021-06-04 04:42:24,873 - __main__ - INFO - epoch:299 train_loss=0.51801 train_acc=0.75111 val_acc=0.75248 time=0.09679 
2021-06-04 04:42:24,970 - __main__ - INFO - epoch:300 train_loss=0.51845 train_acc=0.76333 val_acc=0.75248 time=0.09691 
2021-06-04 04:42:25,071 - __main__ - INFO - epoch:301 train_loss=0.53083 train_acc=0.74889 val_acc=0.77228 time=0.09677 test_acc=0.76786 
2021-06-04 04:42:25,168 - __main__ - INFO - epoch:302 train_loss=0.52425 train_acc=0.73444 val_acc=0.77228 time=0.09662 
2021-06-04 04:42:25,266 - __main__ - INFO - epoch:303 train_loss=0.51938 train_acc=0.75556 val_acc=0.76238 time=0.09699 
2021-06-04 04:42:25,363 - __main__ - INFO - epoch:304 train_loss=0.51966 train_acc=0.75444 val_acc=0.77228 time=0.09711 
2021-06-04 04:42:25,460 - __main__ - INFO - epoch:305 train_loss=0.52795 train_acc=0.75000 val_acc=0.77228 time=0.09692 
2021-06-04 04:42:25,562 - __main__ - INFO - epoch:306 train_loss=0.53905 train_acc=0.73667 val_acc=0.76238 time=0.09674 test_acc=0.75893 
2021-06-04 04:42:25,659 - __main__ - INFO - epoch:307 train_loss=0.53066 train_acc=0.73222 val_acc=0.76238 time=0.09700 
2021-06-04 04:42:25,756 - __main__ - INFO - epoch:308 train_loss=0.51569 train_acc=0.75000 val_acc=0.77228 time=0.09708 
2021-06-04 04:42:25,854 - __main__ - INFO - epoch:309 train_loss=0.50897 train_acc=0.73889 val_acc=0.76238 time=0.09713 
2021-06-04 04:42:25,951 - __main__ - INFO - epoch:310 train_loss=0.52929 train_acc=0.72111 val_acc=0.77228 time=0.09715 
2021-06-04 04:42:26,053 - __main__ - INFO - epoch:311 train_loss=0.53181 train_acc=0.74000 val_acc=0.75248 time=0.09737 test_acc=0.75893 
2021-06-04 04:42:26,151 - __main__ - INFO - epoch:312 train_loss=0.52006 train_acc=0.73556 val_acc=0.77228 time=0.09768 
2021-06-04 04:42:26,249 - __main__ - INFO - epoch:313 train_loss=0.53315 train_acc=0.76000 val_acc=0.76238 time=0.09738 
2021-06-04 04:42:26,346 - __main__ - INFO - epoch:314 train_loss=0.52933 train_acc=0.72556 val_acc=0.76238 time=0.09700 
2021-06-04 04:42:26,444 - __main__ - INFO - epoch:315 train_loss=0.52793 train_acc=0.74556 val_acc=0.76238 time=0.09726 
2021-06-04 04:42:26,546 - __main__ - INFO - epoch:316 train_loss=0.52543 train_acc=0.74556 val_acc=0.74257 time=0.09722 test_acc=0.75893 
2021-06-04 04:42:26,643 - __main__ - INFO - epoch:317 train_loss=0.53609 train_acc=0.75444 val_acc=0.76238 time=0.09723 
2021-06-04 04:42:26,741 - __main__ - INFO - epoch:318 train_loss=0.52901 train_acc=0.73444 val_acc=0.77228 time=0.09728 
2021-06-04 04:42:26,838 - __main__ - INFO - epoch:319 train_loss=0.52325 train_acc=0.75556 val_acc=0.78218 time=0.09716 
2021-06-04 04:42:26,936 - __main__ - INFO - epoch:320 train_loss=0.52232 train_acc=0.75333 val_acc=0.78218 time=0.09706 
2021-06-04 04:42:27,037 - __main__ - INFO - epoch:321 train_loss=0.51360 train_acc=0.75889 val_acc=0.77228 time=0.09712 test_acc=0.75000 
2021-06-04 04:42:27,135 - __main__ - INFO - epoch:322 train_loss=0.53014 train_acc=0.74778 val_acc=0.76238 time=0.09721 
2021-06-04 04:42:27,232 - __main__ - INFO - epoch:323 train_loss=0.52998 train_acc=0.74556 val_acc=0.75248 time=0.09696 
2021-06-04 04:42:27,330 - __main__ - INFO - epoch:324 train_loss=0.51408 train_acc=0.76000 val_acc=0.75248 time=0.09703 
2021-06-04 04:42:27,427 - __main__ - INFO - epoch:325 train_loss=0.52387 train_acc=0.75111 val_acc=0.74257 time=0.09691 
2021-06-04 04:42:27,528 - __main__ - INFO - epoch:326 train_loss=0.51601 train_acc=0.75444 val_acc=0.74257 time=0.09689 test_acc=0.75893 
2021-06-04 04:42:27,626 - __main__ - INFO - epoch:327 train_loss=0.52914 train_acc=0.73889 val_acc=0.75248 time=0.09733 
2021-06-04 04:42:27,723 - __main__ - INFO - epoch:328 train_loss=0.52190 train_acc=0.74778 val_acc=0.77228 time=0.09719 
2021-06-04 04:42:27,821 - __main__ - INFO - epoch:329 train_loss=0.52985 train_acc=0.74222 val_acc=0.76238 time=0.09749 
2021-06-04 04:42:27,919 - __main__ - INFO - epoch:330 train_loss=0.52056 train_acc=0.74333 val_acc=0.73267 time=0.09752 
2021-06-04 04:42:28,021 - __main__ - INFO - epoch:331 train_loss=0.52381 train_acc=0.75000 val_acc=0.74257 time=0.09736 test_acc=0.75893 
2021-06-04 04:42:28,118 - __main__ - INFO - epoch:332 train_loss=0.51860 train_acc=0.75667 val_acc=0.76238 time=0.09707 
2021-06-04 04:42:28,216 - __main__ - INFO - epoch:333 train_loss=0.53787 train_acc=0.74111 val_acc=0.77228 time=0.09751 
2021-06-04 04:42:28,314 - __main__ - INFO - epoch:334 train_loss=0.52707 train_acc=0.74111 val_acc=0.76238 time=0.09727 
2021-06-04 04:42:28,411 - __main__ - INFO - epoch:335 train_loss=0.53240 train_acc=0.73889 val_acc=0.74257 time=0.09723 
2021-06-04 04:42:28,513 - __main__ - INFO - epoch:336 train_loss=0.51562 train_acc=0.75000 val_acc=0.72277 time=0.09718 test_acc=0.78571 
2021-06-04 04:42:28,611 - __main__ - INFO - epoch:337 train_loss=0.52571 train_acc=0.74778 val_acc=0.74257 time=0.09723 
2021-06-04 04:42:28,708 - __main__ - INFO - epoch:338 train_loss=0.52890 train_acc=0.75556 val_acc=0.74257 time=0.09697 
2021-06-04 04:42:28,805 - __main__ - INFO - epoch:339 train_loss=0.51695 train_acc=0.74667 val_acc=0.74257 time=0.09690 
2021-06-04 04:42:28,903 - __main__ - INFO - epoch:340 train_loss=0.52321 train_acc=0.73222 val_acc=0.76238 time=0.09699 
2021-06-04 04:42:29,004 - __main__ - INFO - epoch:341 train_loss=0.53246 train_acc=0.75333 val_acc=0.76238 time=0.09676 test_acc=0.75893 
2021-06-04 04:42:29,101 - __main__ - INFO - epoch:342 train_loss=0.51391 train_acc=0.74444 val_acc=0.77228 time=0.09677 
2021-06-04 04:42:29,198 - __main__ - INFO - epoch:343 train_loss=0.51698 train_acc=0.72778 val_acc=0.77228 time=0.09664 
2021-06-04 04:42:29,295 - __main__ - INFO - epoch:344 train_loss=0.51818 train_acc=0.74222 val_acc=0.76238 time=0.09678 
2021-06-04 04:42:29,392 - __main__ - INFO - epoch:345 train_loss=0.52098 train_acc=0.75222 val_acc=0.74257 time=0.09678 
2021-06-04 04:42:29,494 - __main__ - INFO - epoch:346 train_loss=0.52250 train_acc=0.74889 val_acc=0.76238 time=0.09680 test_acc=0.76786 
2021-06-04 04:42:29,591 - __main__ - INFO - epoch:347 train_loss=0.50847 train_acc=0.75889 val_acc=0.75248 time=0.09671 
2021-06-04 04:42:29,688 - __main__ - INFO - epoch:348 train_loss=0.51578 train_acc=0.73333 val_acc=0.74257 time=0.09679 
2021-06-04 04:42:29,785 - __main__ - INFO - epoch:349 train_loss=0.52754 train_acc=0.74111 val_acc=0.75248 time=0.09678 
2021-06-04 04:42:29,882 - __main__ - INFO - epoch:350 train_loss=0.52837 train_acc=0.75444 val_acc=0.73267 time=0.09661 
2021-06-04 04:42:29,983 - __main__ - INFO - epoch:351 train_loss=0.54164 train_acc=0.74111 val_acc=0.74257 time=0.09703 test_acc=0.75000 
2021-06-04 04:42:30,081 - __main__ - INFO - epoch:352 train_loss=0.52500 train_acc=0.74778 val_acc=0.75248 time=0.09755 
2021-06-04 04:42:30,179 - __main__ - INFO - epoch:353 train_loss=0.52625 train_acc=0.75667 val_acc=0.75248 time=0.09736 
2021-06-04 04:42:30,276 - __main__ - INFO - epoch:354 train_loss=0.52187 train_acc=0.74111 val_acc=0.76238 time=0.09698 
2021-06-04 04:42:30,373 - __main__ - INFO - epoch:355 train_loss=0.52792 train_acc=0.73889 val_acc=0.75248 time=0.09646 
2021-06-04 04:42:30,474 - __main__ - INFO - epoch:356 train_loss=0.52771 train_acc=0.73889 val_acc=0.75248 time=0.09619 test_acc=0.75893 
2021-06-04 04:42:30,571 - __main__ - INFO - epoch:357 train_loss=0.53227 train_acc=0.74111 val_acc=0.75248 time=0.09646 
2021-06-04 04:42:30,668 - __main__ - INFO - epoch:358 train_loss=0.51055 train_acc=0.74333 val_acc=0.77228 time=0.09690 
2021-06-04 04:42:30,765 - __main__ - INFO - epoch:359 train_loss=0.52211 train_acc=0.74000 val_acc=0.74257 time=0.09721 
2021-06-04 04:42:30,862 - __main__ - INFO - epoch:360 train_loss=0.52419 train_acc=0.75889 val_acc=0.75248 time=0.09660 
2021-06-04 04:42:30,964 - __main__ - INFO - epoch:361 train_loss=0.52379 train_acc=0.75111 val_acc=0.73267 time=0.09710 test_acc=0.78571 
2021-06-04 04:42:31,061 - __main__ - INFO - epoch:362 train_loss=0.54504 train_acc=0.75333 val_acc=0.75248 time=0.09703 
2021-06-04 04:42:31,159 - __main__ - INFO - epoch:363 train_loss=0.50618 train_acc=0.75889 val_acc=0.77228 time=0.09685 
2021-06-04 04:42:31,256 - __main__ - INFO - epoch:364 train_loss=0.51741 train_acc=0.76556 val_acc=0.74257 time=0.09680 
2021-06-04 04:42:31,353 - __main__ - INFO - epoch:365 train_loss=0.50449 train_acc=0.75222 val_acc=0.75248 time=0.09685 
2021-06-04 04:42:31,454 - __main__ - INFO - epoch:366 train_loss=0.52922 train_acc=0.73889 val_acc=0.77228 time=0.09682 test_acc=0.76786 
2021-06-04 04:42:31,552 - __main__ - INFO - epoch:367 train_loss=0.50562 train_acc=0.75000 val_acc=0.77228 time=0.09708 
2021-06-04 04:42:31,653 - __main__ - INFO - epoch:368 train_loss=0.52022 train_acc=0.74444 val_acc=0.74257 time=0.10053 
2021-06-04 04:42:31,750 - __main__ - INFO - epoch:369 train_loss=0.52480 train_acc=0.74444 val_acc=0.75248 time=0.09731 
2021-06-04 04:42:31,848 - __main__ - INFO - epoch:370 train_loss=0.52518 train_acc=0.73667 val_acc=0.77228 time=0.09712 
2021-06-04 04:42:31,949 - __main__ - INFO - epoch:371 train_loss=0.52700 train_acc=0.74889 val_acc=0.78218 time=0.09711 test_acc=0.76786 
2021-06-04 04:42:32,047 - __main__ - INFO - epoch:372 train_loss=0.51876 train_acc=0.75333 val_acc=0.78218 time=0.09703 
2021-06-04 04:42:32,144 - __main__ - INFO - epoch:373 train_loss=0.52080 train_acc=0.75222 val_acc=0.77228 time=0.09741 
2021-06-04 04:42:32,242 - __main__ - INFO - epoch:374 train_loss=0.50387 train_acc=0.75667 val_acc=0.77228 time=0.09741 
2021-06-04 04:42:32,340 - __main__ - INFO - epoch:375 train_loss=0.52478 train_acc=0.75556 val_acc=0.75248 time=0.09717 
2021-06-04 04:42:32,441 - __main__ - INFO - epoch:376 train_loss=0.52941 train_acc=0.74222 val_acc=0.77228 time=0.09735 test_acc=0.76786 
2021-06-04 04:42:32,539 - __main__ - INFO - epoch:377 train_loss=0.52669 train_acc=0.74444 val_acc=0.76238 time=0.09710 
2021-06-04 04:42:32,636 - __main__ - INFO - epoch:378 train_loss=0.52736 train_acc=0.75000 val_acc=0.75248 time=0.09726 
2021-06-04 04:42:32,734 - __main__ - INFO - epoch:379 train_loss=0.52068 train_acc=0.74111 val_acc=0.77228 time=0.09703 
2021-06-04 04:42:32,831 - __main__ - INFO - epoch:380 train_loss=0.51992 train_acc=0.75444 val_acc=0.76238 time=0.09693 
2021-06-04 04:42:32,932 - __main__ - INFO - epoch:381 train_loss=0.52130 train_acc=0.74778 val_acc=0.77228 time=0.09692 test_acc=0.75893 
2021-06-04 04:42:33,029 - __main__ - INFO - epoch:382 train_loss=0.51813 train_acc=0.75111 val_acc=0.75248 time=0.09707 
2021-06-04 04:42:33,126 - __main__ - INFO - epoch:383 train_loss=0.52525 train_acc=0.75111 val_acc=0.75248 time=0.09627 
2021-06-04 04:42:33,223 - __main__ - INFO - epoch:384 train_loss=0.52686 train_acc=0.75222 val_acc=0.77228 time=0.09630 
2021-06-04 04:42:33,319 - __main__ - INFO - epoch:385 train_loss=0.52608 train_acc=0.75111 val_acc=0.77228 time=0.09630 
2021-06-04 04:42:33,420 - __main__ - INFO - epoch:386 train_loss=0.51175 train_acc=0.74889 val_acc=0.77228 time=0.09642 test_acc=0.75893 
2021-06-04 04:42:33,517 - __main__ - INFO - epoch:387 train_loss=0.52043 train_acc=0.75333 val_acc=0.76238 time=0.09636 
2021-06-04 04:42:33,614 - __main__ - INFO - epoch:388 train_loss=0.52157 train_acc=0.74111 val_acc=0.77228 time=0.09702 
2021-06-04 04:42:33,711 - __main__ - INFO - epoch:389 train_loss=0.51476 train_acc=0.74444 val_acc=0.76238 time=0.09701 
2021-06-04 04:42:33,809 - __main__ - INFO - epoch:390 train_loss=0.53838 train_acc=0.74111 val_acc=0.76238 time=0.09687 
2021-06-04 04:42:33,910 - __main__ - INFO - epoch:391 train_loss=0.51866 train_acc=0.73778 val_acc=0.76238 time=0.09672 test_acc=0.74107 
2021-06-04 04:42:34,007 - __main__ - INFO - epoch:392 train_loss=0.51632 train_acc=0.74333 val_acc=0.76238 time=0.09717 
2021-06-04 04:42:34,104 - __main__ - INFO - epoch:393 train_loss=0.52074 train_acc=0.74667 val_acc=0.76238 time=0.09676 
2021-06-04 04:42:34,202 - __main__ - INFO - epoch:394 train_loss=0.51739 train_acc=0.75111 val_acc=0.77228 time=0.09730 
2021-06-04 04:42:34,300 - __main__ - INFO - epoch:395 train_loss=0.53092 train_acc=0.73444 val_acc=0.75248 time=0.09809 
2021-06-04 04:42:34,401 - __main__ - INFO - epoch:396 train_loss=0.51906 train_acc=0.75333 val_acc=0.77228 time=0.09653 test_acc=0.75893 
2021-06-04 04:42:34,498 - __main__ - INFO - epoch:397 train_loss=0.53016 train_acc=0.74444 val_acc=0.76238 time=0.09605 
2021-06-04 04:42:34,595 - __main__ - INFO - epoch:398 train_loss=0.51869 train_acc=0.75889 val_acc=0.76238 time=0.09737 
2021-06-04 04:42:34,692 - __main__ - INFO - epoch:399 train_loss=0.52222 train_acc=0.73778 val_acc=0.76238 time=0.09659 
2021-06-04 04:42:34,790 - __main__ - INFO - epoch:400 train_loss=0.51855 train_acc=0.73222 val_acc=0.76238 time=0.09724 
2021-06-04 04:42:34,790 - __main__ - INFO - best_val_acc=0.79208
2021-06-04 04:42:34,790 - __main__ - INFO - best_test_acc=0.79464
2021-06-04 04:42:34,801 - __main__ - INFO - best val model on test dataset acc=0.77679
